10/10/18 05:07:53 INFO input.FileInputFormat: Total input paths to process : 1
10/10/18 05:07:53 INFO mapred.JobClient: Running job: job_201010172132_0008
10/10/18 05:07:54 INFO mapred.JobClient:  map 0% reduce 0%
10/10/18 05:08:45 INFO mapred.JobClient:  map 1% reduce 0%
10/10/18 05:09:18 INFO mapred.JobClient:  map 2% reduce 0%
10/10/18 05:11:10 INFO mapred.JobClient:  map 3% reduce 0%
10/10/18 05:11:46 INFO mapred.JobClient:  map 4% reduce 0%
10/10/18 05:12:22 INFO mapred.JobClient:  map 5% reduce 0%
10/10/18 05:14:34 INFO mapred.JobClient:  map 6% reduce 0%
10/10/18 05:14:49 INFO mapred.JobClient:  map 6% reduce 1%
10/10/18 05:15:22 INFO mapred.JobClient:  map 7% reduce 1%
10/10/18 05:16:01 INFO mapred.JobClient:  map 8% reduce 1%
10/10/18 05:17:41 INFO mapred.JobClient:  map 8% reduce 2%
10/10/18 05:18:02 INFO mapred.JobClient:  map 9% reduce 2%
10/10/18 05:18:38 INFO mapred.JobClient:  map 10% reduce 2%
10/10/18 05:19:17 INFO mapred.JobClient:  map 11% reduce 2%
10/10/18 05:21:11 INFO mapred.JobClient:  map 11% reduce 3%
10/10/18 05:21:29 INFO mapred.JobClient:  map 12% reduce 3%
10/10/18 05:22:08 INFO mapred.JobClient:  map 13% reduce 3%
10/10/18 05:22:44 INFO mapred.JobClient:  map 14% reduce 3%
10/10/18 05:27:18 INFO mapred.JobClient:  map 14% reduce 4%
10/10/18 05:28:08 INFO mapred.JobClient:  map 15% reduce 4%
10/10/18 05:29:17 INFO mapred.JobClient:  map 16% reduce 4%
10/10/18 05:30:23 INFO mapred.JobClient:  map 17% reduce 4%
10/10/18 05:36:12 INFO mapred.JobClient:  map 17% reduce 5%
10/10/18 05:36:54 INFO mapred.JobClient:  map 18% reduce 5%
10/10/18 05:37:30 INFO mapred.JobClient:  map 19% reduce 5%
10/10/18 05:40:33 INFO mapred.JobClient:  map 20% reduce 5%
10/10/18 05:40:42 INFO mapred.JobClient:  map 20% reduce 6%
10/10/18 05:41:21 INFO mapred.JobClient:  map 21% reduce 6%
10/10/18 05:41:57 INFO mapred.JobClient:  map 22% reduce 6%
10/10/18 05:43:51 INFO mapred.JobClient:  map 22% reduce 7%
10/10/18 05:43:57 INFO mapred.JobClient:  map 23% reduce 7%
10/10/18 05:44:42 INFO mapred.JobClient:  map 24% reduce 7%
10/10/18 05:45:18 INFO mapred.JobClient:  map 25% reduce 7%
10/10/18 05:47:21 INFO mapred.JobClient:  map 25% reduce 8%
10/10/18 05:47:30 INFO mapred.JobClient:  map 26% reduce 8%
10/10/18 05:48:06 INFO mapred.JobClient:  map 27% reduce 8%
10/10/18 05:48:42 INFO mapred.JobClient:  map 28% reduce 8%
10/10/18 05:50:39 INFO mapred.JobClient:  map 28% reduce 9%
10/10/18 05:51:00 INFO mapred.JobClient:  map 29% reduce 9%
10/10/18 05:51:52 INFO mapred.JobClient:  map 30% reduce 9%
10/10/18 05:52:43 INFO mapred.JobClient:  map 31% reduce 9%
10/10/18 05:57:20 INFO mapred.JobClient:  map 31% reduce 10%
10/10/18 05:57:56 INFO mapred.JobClient:  map 32% reduce 10%
10/10/18 05:58:32 INFO mapred.JobClient:  map 33% reduce 10%
10/10/18 05:59:08 INFO mapred.JobClient:  map 34% reduce 10%
10/10/18 06:00:53 INFO mapred.JobClient:  map 34% reduce 11%
10/10/18 06:01:17 INFO mapred.JobClient:  map 35% reduce 11%
10/10/18 06:01:53 INFO mapred.JobClient:  map 36% reduce 11%
10/10/18 06:02:33 INFO mapred.JobClient:  map 37% reduce 11%
10/10/18 06:04:27 INFO mapred.JobClient:  map 37% reduce 12%
10/10/18 06:04:48 INFO mapred.JobClient:  map 38% reduce 12%
10/10/18 06:05:24 INFO mapred.JobClient:  map 39% reduce 12%
10/10/18 06:06:09 INFO mapred.JobClient:  map 40% reduce 12%
10/10/18 06:07:57 INFO mapred.JobClient:  map 40% reduce 13%
10/10/18 06:08:27 INFO mapred.JobClient:  map 41% reduce 13%
10/10/18 06:09:18 INFO mapred.JobClient:  map 42% reduce 13%
10/10/18 06:13:34 INFO mapred.JobClient:  map 43% reduce 13%
10/10/18 06:14:46 INFO mapred.JobClient:  map 43% reduce 14%
10/10/18 06:14:55 INFO mapred.JobClient:  map 44% reduce 14%
10/10/18 06:15:42 INFO mapred.JobClient:  map 45% reduce 14%
10/10/18 06:17:30 INFO mapred.JobClient:  map 46% reduce 14%
10/10/18 06:18:09 INFO mapred.JobClient:  map 46% reduce 15%
10/10/18 06:18:21 INFO mapred.JobClient:  map 47% reduce 15%
10/10/18 06:19:00 INFO mapred.JobClient:  map 48% reduce 15%
10/10/18 06:20:57 INFO mapred.JobClient:  map 49% reduce 15%
10/10/18 06:21:00 INFO mapred.JobClient:  map 49% reduce 16%
10/10/18 06:21:36 INFO mapred.JobClient:  map 50% reduce 16%
10/10/18 06:22:12 INFO mapred.JobClient:  map 51% reduce 16%
10/10/18 06:24:18 INFO mapred.JobClient:  map 51% reduce 17%
10/10/18 06:24:28 INFO mapred.JobClient:  map 52% reduce 17%
10/10/18 06:25:07 INFO mapred.JobClient:  map 53% reduce 17%
10/10/18 06:25:40 INFO mapred.JobClient:  map 54% reduce 17%
10/10/18 06:27:34 INFO mapred.JobClient:  map 54% reduce 18%
10/10/18 06:28:01 INFO mapred.JobClient:  map 55% reduce 18%
10/10/18 06:28:52 INFO mapred.JobClient:  map 56% reduce 18%
10/10/18 06:29:43 INFO mapred.JobClient:  map 57% reduce 18%
10/10/18 06:34:19 INFO mapred.JobClient:  map 57% reduce 19%
10/10/18 06:34:43 INFO mapred.JobClient:  map 58% reduce 19%
10/10/18 06:35:22 INFO mapred.JobClient:  map 59% reduce 19%
10/10/18 06:36:05 INFO mapred.JobClient:  map 60% reduce 19%
10/10/18 06:37:47 INFO mapred.JobClient:  map 60% reduce 20%
10/10/18 06:38:11 INFO mapred.JobClient:  map 61% reduce 20%
10/10/18 06:38:47 INFO mapred.JobClient:  map 62% reduce 20%
10/10/18 06:40:59 INFO mapred.JobClient:  map 63% reduce 20%
10/10/18 06:41:35 INFO mapred.JobClient:  map 64% reduce 20%
10/10/18 06:42:14 INFO mapred.JobClient:  map 65% reduce 20%
10/10/18 06:44:14 INFO mapred.JobClient:  map 65% reduce 21%
10/10/18 06:44:29 INFO mapred.JobClient:  map 66% reduce 21%
10/10/18 06:45:17 INFO mapred.JobClient:  map 67% reduce 21%
10/10/18 06:46:08 INFO mapred.JobClient:  map 68% reduce 21%
10/10/18 06:50:48 INFO mapred.JobClient:  map 68% reduce 22%
10/10/18 06:51:15 INFO mapred.JobClient:  map 69% reduce 22%
10/10/18 06:52:06 INFO mapred.JobClient:  map 70% reduce 22%
10/10/18 06:52:45 INFO mapred.JobClient:  map 71% reduce 22%
10/10/18 06:54:33 INFO mapred.JobClient:  map 71% reduce 23%
10/10/18 06:54:57 INFO mapred.JobClient:  map 72% reduce 23%
10/10/18 06:55:33 INFO mapred.JobClient:  map 73% reduce 23%
10/10/18 06:56:09 INFO mapred.JobClient:  map 74% reduce 23%
10/10/18 06:57:57 INFO mapred.JobClient:  map 74% reduce 24%
10/10/18 06:58:27 INFO mapred.JobClient:  map 75% reduce 24%
10/10/18 06:59:03 INFO mapred.JobClient:  map 76% reduce 24%
10/10/18 06:59:42 INFO mapred.JobClient:  map 77% reduce 24%
10/10/18 07:01:12 INFO mapred.JobClient:  map 77% reduce 25%
10/10/18 07:01:48 INFO mapred.JobClient:  map 78% reduce 25%
10/10/18 07:02:24 INFO mapred.JobClient:  map 79% reduce 25%
10/10/18 07:03:04 INFO mapred.JobClient:  map 80% reduce 25%
10/10/18 07:04:31 INFO mapred.JobClient:  map 80% reduce 26%
10/10/18 07:05:25 INFO mapred.JobClient:  map 81% reduce 26%
10/10/18 07:06:19 INFO mapred.JobClient:  map 82% reduce 26%
10/10/18 07:11:13 INFO mapred.JobClient:  map 83% reduce 26%
10/10/18 07:11:25 INFO mapred.JobClient:  map 83% reduce 27%
10/10/18 07:12:28 INFO mapred.JobClient:  map 84% reduce 27%
10/10/18 07:13:16 INFO mapred.JobClient:  map 85% reduce 27%
10/10/18 07:15:16 INFO mapred.JobClient:  map 85% reduce 28%
10/10/18 07:15:28 INFO mapred.JobClient:  map 86% reduce 28%
10/10/18 07:16:05 INFO mapred.JobClient:  map 87% reduce 28%
10/10/18 07:16:44 INFO mapred.JobClient:  map 88% reduce 28%
10/10/18 07:18:44 INFO mapred.JobClient:  map 88% reduce 29%
10/10/18 07:18:59 INFO mapred.JobClient:  map 89% reduce 29%
10/10/18 07:19:38 INFO mapred.JobClient:  map 90% reduce 29%
10/10/18 07:20:14 INFO mapred.JobClient:  map 91% reduce 29%
10/10/18 07:21:53 INFO mapred.JobClient:  map 91% reduce 30%
10/10/18 07:22:26 INFO mapred.JobClient:  map 92% reduce 30%
10/10/18 07:23:17 INFO mapred.JobClient:  map 93% reduce 30%
10/10/18 07:24:08 INFO mapred.JobClient:  map 94% reduce 30%
10/10/18 07:28:41 INFO mapred.JobClient:  map 94% reduce 31%
10/10/18 07:29:05 INFO mapred.JobClient:  map 95% reduce 31%
10/10/18 07:29:53 INFO mapred.JobClient:  map 96% reduce 31%
10/10/18 07:30:36 INFO mapred.JobClient:  map 97% reduce 31%
10/10/18 07:32:18 INFO mapred.JobClient:  map 97% reduce 32%
10/10/18 07:32:48 INFO mapred.JobClient:  map 98% reduce 32%
10/10/18 07:33:21 INFO mapred.JobClient:  map 99% reduce 32%
10/10/18 07:35:15 INFO mapred.JobClient:  map 100% reduce 32%
10/10/18 07:35:27 INFO mapred.JobClient:  map 100% reduce 33%
10/10/18 07:37:33 INFO mapred.JobClient:  map 100% reduce 66%
10/10/18 07:37:51 INFO mapred.JobClient:  map 100% reduce 67%
10/10/18 07:38:57 INFO mapred.JobClient:  map 100% reduce 68%
10/10/18 07:40:00 INFO mapred.JobClient:  map 100% reduce 69%
10/10/18 07:41:00 INFO mapred.JobClient:  map 100% reduce 70%
10/10/18 07:42:00 INFO mapred.JobClient:  map 100% reduce 71%
10/10/18 07:43:00 INFO mapred.JobClient:  map 100% reduce 72%
10/10/18 07:44:03 INFO mapred.JobClient:  map 100% reduce 73%
10/10/18 07:45:04 INFO mapred.JobClient:  map 100% reduce 74%
10/10/18 07:46:04 INFO mapred.JobClient:  map 100% reduce 75%
10/10/18 07:47:01 INFO mapred.JobClient:  map 100% reduce 76%
10/10/18 07:48:04 INFO mapred.JobClient:  map 100% reduce 77%
10/10/18 07:49:07 INFO mapred.JobClient:  map 100% reduce 78%
10/10/18 07:50:07 INFO mapred.JobClient:  map 100% reduce 79%
10/10/18 07:51:07 INFO mapred.JobClient:  map 100% reduce 80%
10/10/18 07:52:07 INFO mapred.JobClient:  map 100% reduce 81%
10/10/18 07:53:04 INFO mapred.JobClient:  map 100% reduce 82%
10/10/18 07:54:10 INFO mapred.JobClient:  map 100% reduce 83%
10/10/18 07:55:11 INFO mapred.JobClient:  map 100% reduce 84%
10/10/18 07:56:14 INFO mapred.JobClient:  map 100% reduce 85%
10/10/18 07:57:17 INFO mapred.JobClient:  map 100% reduce 86%
10/10/18 07:58:24 INFO mapred.JobClient:  map 100% reduce 87%
10/10/18 07:59:30 INFO mapred.JobClient:  map 100% reduce 88%
10/10/18 08:00:39 INFO mapred.JobClient:  map 100% reduce 89%
10/10/18 08:01:42 INFO mapred.JobClient:  map 100% reduce 90%
10/10/18 08:02:48 INFO mapred.JobClient:  map 100% reduce 91%
10/10/18 08:03:51 INFO mapred.JobClient:  map 100% reduce 92%
10/10/18 08:04:54 INFO mapred.JobClient:  map 100% reduce 93%
10/10/18 08:05:57 INFO mapred.JobClient:  map 100% reduce 94%
10/10/18 08:07:00 INFO mapred.JobClient:  map 100% reduce 95%
10/10/18 08:08:03 INFO mapred.JobClient:  map 100% reduce 96%
10/10/18 08:09:12 INFO mapred.JobClient:  map 100% reduce 97%
10/10/18 08:10:12 INFO mapred.JobClient:  map 100% reduce 98%
10/10/18 08:11:15 INFO mapred.JobClient:  map 100% reduce 99%
10/10/18 08:12:19 INFO mapred.JobClient:  map 100% reduce 100%
10/10/18 08:12:27 INFO mapred.JobClient: Job complete: job_201010172132_0008
10/10/18 08:12:27 INFO mapred.JobClient: Counters: 17
10/10/18 08:12:27 INFO mapred.JobClient:   Job Counters 
10/10/18 08:12:27 INFO mapred.JobClient:     Launched reduce tasks=1
10/10/18 08:12:27 INFO mapred.JobClient:     Launched map tasks=70
10/10/18 08:12:27 INFO mapred.JobClient:     Data-local map tasks=70
10/10/18 08:12:27 INFO mapred.JobClient:   FileSystemCounters
10/10/18 08:12:27 INFO mapred.JobClient:     FILE_BYTES_READ=93657996490
10/10/18 08:12:27 INFO mapred.JobClient:     HDFS_BYTES_READ=4687827090
10/10/18 08:12:27 INFO mapred.JobClient:     FILE_BYTES_WRITTEN=115779522678
10/10/18 08:12:27 INFO mapred.JobClient:     HDFS_BYTES_WRITTEN=17075817226
10/10/18 08:12:27 INFO mapred.JobClient:   Map-Reduce Framework
10/10/18 08:12:27 INFO mapred.JobClient:     Reduce input groups=384289426
10/10/18 08:12:27 INFO mapred.JobClient:     Combine output records=1857862033
10/10/18 08:12:27 INFO mapred.JobClient:     Map input records=28941110
10/10/18 08:12:27 INFO mapred.JobClient:     Reduce shuffle bytes=22121523948
10/10/18 08:12:27 INFO mapred.JobClient:     Reduce output records=384289426
10/10/18 08:12:27 INFO mapred.JobClient:     Spilled Records=4453057445
10/10/18 08:12:27 INFO mapred.JobClient:     Map output bytes=24310532400
10/10/18 08:12:27 INFO mapred.JobClient:     Combine input records=2019973055
10/10/18 08:12:27 INFO mapred.JobClient:     Map output records=1012938850
10/10/18 08:12:27 INFO mapred.JobClient:     Reduce input records=850827828
